[I 12:31:02.519 NotebookApp] Writing notebook server cookie secret to /home/student/.local/share/jupyter/runtime/notebook_cookie_secret
[I 12:31:02.520 NotebookApp] Authentication of /metrics is OFF, since other authentication is disabled.
[W 12:31:03.008 NotebookApp] All authentication is disabled.  Anyone who can connect to this server will be able to run code.
[I 12:31:03.022 NotebookApp] Serving notebooks from local directory: /home/student/notebooks
[I 12:31:03.022 NotebookApp] Jupyter Notebook 6.4.12 is running at:
[I 12:31:03.022 NotebookApp] http://cisco:8888/
[I 12:31:03.022 NotebookApp] Use Control-C to stop this server and shut down all kernels (twice to skip confirmation).
[I 12:31:08.766 NotebookApp] 302 GET / (62.219.230.142) 0.880000ms
[I 12:31:10.176 NotebookApp] 302 GET / (107.178.200.234) 0.800000ms
[I 12:31:25.410 NotebookApp] Creating new notebook in 
[I 12:31:25.503 NotebookApp] Writing notebook-signing key to /home/student/.local/share/jupyter/notebook_secret
[I 12:31:29.395 NotebookApp] Kernel started: b5a620e7-90fe-4db1-828e-acca0b842865, name: python3
[IPKernelApp] ERROR | No such comm target registered: jupyter.widget.control
[IPKernelApp] WARNING | No such comm: d658e721-bfdc-465e-9d3d-a65bb9af9571
[main 5282452] gitautosync update 1
 2 files changed, 20 insertions(+)
 create mode 100644 Untitled.ipynb
 create mode 100644 nohup.out
To github.com:reuven/cisco-2022-09Sept-non-programmers.git
   ca9fe96..5282452  main -> main
[main 38465cb] gitautosync update 2
 1 file changed, 6 insertions(+)
To github.com:reuven/cisco-2022-09Sept-non-programmers.git
   5282452..38465cb  main -> main
[main b20eb75] gitautosync update 3
 1 file changed, 4 insertions(+)
To github.com:reuven/cisco-2022-09Sept-non-programmers.git
   38465cb..b20eb75  main -> main
[main 65443ff] gitautosync update 4
 1 file changed, 4 insertions(+)
To github.com:reuven/cisco-2022-09Sept-non-programmers.git
   b20eb75..65443ff  main -> main
[I 12:33:29.679 NotebookApp] Saving file at /Untitled.ipynb
/usr/local/lib/python3.10/dist-packages/nbformat/__init__.py:128: MissingIDFieldWarning: Code cell is missing an id field, this will become a hard error in future nbformat versions. You may want to use `normalize()` on your notebooks before validations (available since nbformat 5.1.4). Previous versions of nbformat are fixing this issue transparently, and will stop doing so in the future.
  validate(nb)
/usr/local/lib/python3.10/dist-packages/notebook/services/contents/manager.py:353: MissingIDFieldWarning: Code cell is missing an id field, this will become a hard error in future nbformat versions. You may want to use `normalize()` on your notebooks before validations (available since nbformat 5.1.4). Previous versions of nbformat are fixing this issue transparently, and will stop doing so in the future.
  validate_nb(model['content'])
[main 3678eb5] gitautosync update 5
 2 files changed, 38 insertions(+), 2 deletions(-)
To github.com:reuven/cisco-2022-09Sept-non-programmers.git
   65443ff..3678eb5  main -> main
[main 90bd4b6] gitautosync update 6
 1 file changed, 4 insertions(+)
To github.com:reuven/cisco-2022-09Sept-non-programmers.git
   3678eb5..90bd4b6  main -> main
[main 10d6925] gitautosync update 7
 1 file changed, 4 insertions(+)
To github.com:reuven/cisco-2022-09Sept-non-programmers.git
   90bd4b6..10d6925  main -> main
[main 0f8eed3] gitautosync update 8
 1 file changed, 4 insertions(+)
To github.com:reuven/cisco-2022-09Sept-non-programmers.git
   10d6925..0f8eed3  main -> main
[main fe0697e] gitautosync update 9
 1 file changed, 4 insertions(+)
To github.com:reuven/cisco-2022-09Sept-non-programmers.git
   0f8eed3..fe0697e  main -> main
[main db3f15a] gitautosync update 10
 1 file changed, 4 insertions(+)
To github.com:reuven/cisco-2022-09Sept-non-programmers.git
   fe0697e..db3f15a  main -> main
[main cf7c1cd] gitautosync update 11
 1 file changed, 4 insertions(+)
To github.com:reuven/cisco-2022-09Sept-non-programmers.git
   db3f15a..cf7c1cd  main -> main
[main a085d6e] gitautosync update 12
 1 file changed, 4 insertions(+)
To github.com:reuven/cisco-2022-09Sept-non-programmers.git
   cf7c1cd..a085d6e  main -> main
[main 2ca69f3] gitautosync update 13
 1 file changed, 4 insertions(+)
To github.com:reuven/cisco-2022-09Sept-non-programmers.git
   a085d6e..2ca69f3  main -> main
[main 528ad9f] gitautosync update 14
 1 file changed, 4 insertions(+)
To github.com:reuven/cisco-2022-09Sept-non-programmers.git
   2ca69f3..528ad9f  main -> main
[main e518cab] gitautosync update 15
 1 file changed, 4 insertions(+)
To github.com:reuven/cisco-2022-09Sept-non-programmers.git
   528ad9f..e518cab  main -> main
[main 3e6145d] gitautosync update 16
 1 file changed, 4 insertions(+)
To github.com:reuven/cisco-2022-09Sept-non-programmers.git
   e518cab..3e6145d  main -> main
[main abaf82f] gitautosync update 17
 1 file changed, 4 insertions(+)
To github.com:reuven/cisco-2022-09Sept-non-programmers.git
   3e6145d..abaf82f  main -> main
[main 76df987] gitautosync update 18
 1 file changed, 4 insertions(+)
To github.com:reuven/cisco-2022-09Sept-non-programmers.git
   abaf82f..76df987  main -> main
[main 3121940] gitautosync update 19
 1 file changed, 4 insertions(+)
To github.com:reuven/cisco-2022-09Sept-non-programmers.git
   76df987..3121940  main -> main
[main 40cce50] gitautosync update 20
 1 file changed, 4 insertions(+)
To github.com:reuven/cisco-2022-09Sept-non-programmers.git
   3121940..40cce50  main -> main
[main 558e99e] gitautosync update 21
 1 file changed, 4 insertions(+)
To github.com:reuven/cisco-2022-09Sept-non-programmers.git
   40cce50..558e99e  main -> main
[main 8aa1619] gitautosync update 22
 1 file changed, 4 insertions(+)
To github.com:reuven/cisco-2022-09Sept-non-programmers.git
   558e99e..8aa1619  main -> main
[main 229473b] gitautosync update 23
 1 file changed, 4 insertions(+)
To github.com:reuven/cisco-2022-09Sept-non-programmers.git
   8aa1619..229473b  main -> main
[main ba4e325] gitautosync update 24
 1 file changed, 4 insertions(+)
To github.com:reuven/cisco-2022-09Sept-non-programmers.git
   229473b..ba4e325  main -> main
[main 9197efb] gitautosync update 25
 1 file changed, 4 insertions(+)
To github.com:reuven/cisco-2022-09Sept-non-programmers.git
   ba4e325..9197efb  main -> main
[main 3ee7538] gitautosync update 26
 1 file changed, 4 insertions(+)
To github.com:reuven/cisco-2022-09Sept-non-programmers.git
   9197efb..3ee7538  main -> main
[main 806fd79] gitautosync update 27
 1 file changed, 4 insertions(+)
To github.com:reuven/cisco-2022-09Sept-non-programmers.git
   3ee7538..806fd79  main -> main
[main a8ad863] gitautosync update 28
 1 file changed, 4 insertions(+)
To github.com:reuven/cisco-2022-09Sept-non-programmers.git
   806fd79..a8ad863  main -> main
[main 5cf4110] gitautosync update 29
 1 file changed, 4 insertions(+)
To github.com:reuven/cisco-2022-09Sept-non-programmers.git
   a8ad863..5cf4110  main -> main
[main 006d0b0] gitautosync update 30
 1 file changed, 4 insertions(+)
To github.com:reuven/cisco-2022-09Sept-non-programmers.git
   5cf4110..006d0b0  main -> main
[main cce46b8] gitautosync update 31
 1 file changed, 4 insertions(+)
To github.com:reuven/cisco-2022-09Sept-non-programmers.git
   006d0b0..cce46b8  main -> main
[main 850dad7] gitautosync update 32
 1 file changed, 4 insertions(+)
To github.com:reuven/cisco-2022-09Sept-non-programmers.git
   cce46b8..850dad7  main -> main
[main 3059eab] gitautosync update 33
 1 file changed, 4 insertions(+)
To github.com:reuven/cisco-2022-09Sept-non-programmers.git
   850dad7..3059eab  main -> main
[main a5720be] gitautosync update 34
 1 file changed, 4 insertions(+)
To github.com:reuven/cisco-2022-09Sept-non-programmers.git
   3059eab..a5720be  main -> main
[main 5b48283] gitautosync update 35
 1 file changed, 4 insertions(+)
To github.com:reuven/cisco-2022-09Sept-non-programmers.git
   a5720be..5b48283  main -> main
[main cd72c6a] gitautosync update 36
 1 file changed, 4 insertions(+)
To github.com:reuven/cisco-2022-09Sept-non-programmers.git
   5b48283..cd72c6a  main -> main
[main 76f4afd] gitautosync update 37
 1 file changed, 4 insertions(+)
To github.com:reuven/cisco-2022-09Sept-non-programmers.git
   cd72c6a..76f4afd  main -> main
[main 1359951] gitautosync update 38
 1 file changed, 4 insertions(+)
To github.com:reuven/cisco-2022-09Sept-non-programmers.git
   76f4afd..1359951  main -> main
